** has_many_polymorphs: rails environment detected
** has_many_polymorphs: loaded ok
** has_many_polymorphs: autoload hook invoked
** has_many_polymorphs: autoload hook invoked
** has_many_polymorphs: rails environment detected
** has_many_polymorphs: loaded ok
** has_many_polymorphs: autoload hook invoked
** has_many_polymorphs: autoload hook invoked
** has_many_polymorphs: rails environment detected
** has_many_polymorphs: loaded ok
** has_many_polymorphs: autoload hook invoked
** has_many_polymorphs: autoload hook invoked
** has_many_polymorphs: rails environment detected
** has_many_polymorphs: loaded ok
** has_many_polymorphs: autoload hook invoked
** has_many_polymorphs: autoload hook invoked
** has_many_polymorphs: rails environment detected
** has_many_polymorphs: loaded ok
** has_many_polymorphs: autoload hook invoked
** has_many_polymorphs: preloading parent model Slot
** has_many_polymorphs: associating Slot.slot_items
** has_many_polymorphs: Looks like your table doesn't exist for Content.
Error Could not find table 'contents'
Skipping...
** has_many_polymorphs: Looks like your table doesn't exist for Design.
Error Could not find table 'designs'
Skipping...
** has_many_polymorphs: Looks like your table doesn't exist for SlotContent.
Error Could not find table 'slot_contents'
Skipping...
** has_many_polymorphs: autoload hook invoked
** has_many_polymorphs: preloading parent model Slot
** has_many_polymorphs: rails environment detected
** has_many_polymorphs: loaded ok
** has_many_polymorphs: autoload hook invoked
** has_many_polymorphs: preloading parent model Slot
** has_many_polymorphs: associating Slot.slot_items
** has_many_polymorphs: Looks like your table doesn't exist for Content.
Error Could not find table 'contents'
Skipping...
** has_many_polymorphs: Looks like your table doesn't exist for Design.
Error Could not find table 'designs'
Skipping...
** has_many_polymorphs: Looks like your table doesn't exist for SlotContent.
Error Could not find table 'slot_contents'
Skipping...
** has_many_polymorphs: autoload hook invoked
** has_many_polymorphs: preloading parent model Slot
** has_many_polymorphs: rails environment detected
** has_many_polymorphs: loaded ok
** has_many_polymorphs: autoload hook invoked
** has_many_polymorphs: preloading parent model Slot
** has_many_polymorphs: associating Slot.slot_items
** has_many_polymorphs: Looks like your table doesn't exist for Content.
Error Could not find table 'contents'
Skipping...
** has_many_polymorphs: Looks like your table doesn't exist for Design.
Error Could not find table 'designs'
Skipping...
** has_many_polymorphs: Looks like your table doesn't exist for SlotContent.
Error Could not find table 'slot_contents'
Skipping...
** has_many_polymorphs: autoload hook invoked
** has_many_polymorphs: preloading parent model Slot
  [4;36;1mSQL (0.3ms)[0m   [0;1m SELECT name
 FROM sqlite_master
 WHERE type = 'table' AND NOT name = 'sqlite_sequence'
[0m
  [4;35;1mSQL (0.2ms)[0m   [0mselect sqlite_version(*)[0m
  [4;36;1mSQL (68.6ms)[0m   [0;1mCREATE TABLE "schema_migrations" ("version" varchar(255) NOT NULL) [0m
  [4;35;1mSQL (1.8ms)[0m   [0mCREATE UNIQUE INDEX "unique_schema_migrations" ON "schema_migrations" ("version")[0m
  [4;36;1mSQL (0.3ms)[0m   [0;1m SELECT name
 FROM sqlite_master
 WHERE type = 'table' AND NOT name = 'sqlite_sequence'
[0m
  [4;35;1mSQL (0.1ms)[0m   [0mSELECT version FROM schema_migrations[0m
Migrating to CreateSlot (1)
  [4;36;1mSQL (0.3ms)[0m   [0;1m SELECT name
 FROM sqlite_master
 WHERE type = 'table' AND NOT name = 'sqlite_sequence'
[0m
  [4;35;1mSQL (1.7ms)[0m   [0mCREATE TABLE "slot" ("id" INTEGER PRIMARY KEY AUTOINCREMENT NOT NULL, "name" varchar(255), "created_at" datetime, "updated_at" datetime) [0m
  [4;36;1mSQL (1.7ms)[0m   [0;1mINSERT INTO schema_migrations (version) VALUES ('1')[0m
Migrating to CreateContent (2)
  [4;35;1mSQL (0.4ms)[0m   [0m SELECT name
 FROM sqlite_master
 WHERE type = 'table' AND NOT name = 'sqlite_sequence'
[0m
  [4;36;1mSQL (1.6ms)[0m   [0;1mCREATE TABLE "content" ("id" INTEGER PRIMARY KEY AUTOINCREMENT NOT NULL, "Class" varchar(255), "created_at" datetime, "updated_at" datetime) [0m
  [4;35;1mSQL (1.6ms)[0m   [0mINSERT INTO schema_migrations (version) VALUES ('2')[0m
Migrating to CreateDesign (3)
  [4;36;1mSQL (0.4ms)[0m   [0;1m SELECT name
 FROM sqlite_master
 WHERE type = 'table' AND NOT name = 'sqlite_sequence'
[0m
  [4;35;1mSQL (1.8ms)[0m   [0mCREATE TABLE "design" ("id" INTEGER PRIMARY KEY AUTOINCREMENT NOT NULL, "Class" varchar(255), "CreateDesign" varchar(255), "created_at" datetime, "updated_at" datetime) [0m
  [4;36;1mSQL (1.9ms)[0m   [0;1mINSERT INTO schema_migrations (version) VALUES ('3')[0m
Migrating to CreateSlotContent (4)
  [4;35;1mSQL (0.5ms)[0m   [0m SELECT name
 FROM sqlite_master
 WHERE type = 'table' AND NOT name = 'sqlite_sequence'
[0m
  [4;36;1mSQL (1.9ms)[0m   [0;1mCREATE TABLE "slot_content" ("id" INTEGER PRIMARY KEY AUTOINCREMENT NOT NULL, "slot_id" integer, "renderable_id" integer, "renderable_type" varchar(255), "created_at" datetime, "updated_at" datetime) [0m
  [4;35;1mSQL (1.7ms)[0m   [0mINSERT INTO schema_migrations (version) VALUES ('4')[0m
  [4;36;1mSQL (0.4ms)[0m   [0;1m SELECT name
 FROM sqlite_master
 WHERE type = 'table' AND NOT name = 'sqlite_sequence'
[0m
  [4;35;1mSQL (0.3ms)[0m   [0mSELECT version FROM schema_migrations[0m
  [4;36;1mSQL (0.3ms)[0m   [0;1m SELECT name
 FROM sqlite_master
 WHERE type = 'table' AND NOT name = 'sqlite_sequence'
[0m
  [4;35;1mSQL (0.1ms)[0m   [0mPRAGMA index_list("content")[0m
  [4;36;1mSQL (0.1ms)[0m   [0;1mPRAGMA index_list("design")[0m
  [4;35;1mSQL (0.1ms)[0m   [0mPRAGMA index_list("slot")[0m
  [4;36;1mSQL (0.1ms)[0m   [0;1mPRAGMA index_list("slot_content")[0m
** has_many_polymorphs: rails environment detected
** has_many_polymorphs: loaded ok
** has_many_polymorphs: autoload hook invoked
** has_many_polymorphs: preloading parent model Slot
** has_many_polymorphs: associating Slot.slot_items
** has_many_polymorphs: Looks like your table doesn't exist for Content.
Error Could not find table 'contents'
Skipping...
** has_many_polymorphs: Looks like your table doesn't exist for Design.
Error Could not find table 'designs'
Skipping...
** has_many_polymorphs: Looks like your table doesn't exist for SlotContent.
Error Could not find table 'slot_contents'
Skipping...
** has_many_polymorphs: autoload hook invoked
** has_many_polymorphs: preloading parent model Slot
** has_many_polymorphs: rails environment detected
** has_many_polymorphs: loaded ok
** has_many_polymorphs: autoload hook invoked
** has_many_polymorphs: preloading parent model Slot
** has_many_polymorphs: associating Slot.slot_items
** has_many_polymorphs: Looks like your table doesn't exist for Content.
Error Could not find table 'contents'
Skipping...
** has_many_polymorphs: Looks like your table doesn't exist for Design.
Error Could not find table 'designs'
Skipping...
** has_many_polymorphs: Looks like your table doesn't exist for SlotContent.
Error Could not find table 'slot_contents'
Skipping...
** has_many_polymorphs: autoload hook invoked
** has_many_polymorphs: preloading parent model Slot
  [4;36;1mSQL (0.3ms)[0m   [0;1m SELECT name
 FROM sqlite_master
 WHERE type = 'table' AND NOT name = 'sqlite_sequence'
[0m
  [4;35;1mSQL (0.2ms)[0m   [0mselect sqlite_version(*)[0m
  [4;36;1mSQL (2.0ms)[0m   [0;1mCREATE TABLE "schema_migrations" ("version" varchar(255) NOT NULL) [0m
  [4;35;1mSQL (1.5ms)[0m   [0mCREATE UNIQUE INDEX "unique_schema_migrations" ON "schema_migrations" ("version")[0m
  [4;36;1mSQL (0.2ms)[0m   [0;1m SELECT name
 FROM sqlite_master
 WHERE type = 'table' AND NOT name = 'sqlite_sequence'
[0m
  [4;35;1mSQL (0.1ms)[0m   [0mSELECT version FROM schema_migrations[0m
Migrating to CreateSlot (1)
  [4;36;1mSQL (0.3ms)[0m   [0;1m SELECT name
 FROM sqlite_master
 WHERE type = 'table' AND NOT name = 'sqlite_sequence'
[0m
  [4;35;1mSQL (2.5ms)[0m   [0mCREATE TABLE "slots" ("id" INTEGER PRIMARY KEY AUTOINCREMENT NOT NULL, "name" varchar(255), "created_at" datetime, "updated_at" datetime) [0m
  [4;36;1mSQL (1.8ms)[0m   [0;1mINSERT INTO schema_migrations (version) VALUES ('1')[0m
Migrating to CreateContent (2)
  [4;35;1mSQL (0.5ms)[0m   [0m SELECT name
 FROM sqlite_master
 WHERE type = 'table' AND NOT name = 'sqlite_sequence'
[0m
  [4;36;1mSQL (1.7ms)[0m   [0;1mCREATE TABLE "contents" ("id" INTEGER PRIMARY KEY AUTOINCREMENT NOT NULL, "Class" varchar(255), "created_at" datetime, "updated_at" datetime) [0m
  [4;35;1mSQL (1.9ms)[0m   [0mINSERT INTO schema_migrations (version) VALUES ('2')[0m
Migrating to CreateDesign (3)
  [4;36;1mSQL (0.4ms)[0m   [0;1m SELECT name
 FROM sqlite_master
 WHERE type = 'table' AND NOT name = 'sqlite_sequence'
[0m
  [4;35;1mSQL (2.1ms)[0m   [0mCREATE TABLE "designs" ("id" INTEGER PRIMARY KEY AUTOINCREMENT NOT NULL, "Class" varchar(255), "CreateDesign" varchar(255), "created_at" datetime, "updated_at" datetime) [0m
  [4;36;1mSQL (2.5ms)[0m   [0;1mINSERT INTO schema_migrations (version) VALUES ('3')[0m
Migrating to CreateSlotContent (4)
  [4;35;1mSQL (0.5ms)[0m   [0m SELECT name
 FROM sqlite_master
 WHERE type = 'table' AND NOT name = 'sqlite_sequence'
[0m
  [4;36;1mSQL (2.0ms)[0m   [0;1mCREATE TABLE "slot_contents" ("id" INTEGER PRIMARY KEY AUTOINCREMENT NOT NULL, "slot_id" integer, "renderable_id" integer, "renderable_type" varchar(255), "created_at" datetime, "updated_at" datetime) [0m
  [4;35;1mSQL (1.5ms)[0m   [0mINSERT INTO schema_migrations (version) VALUES ('4')[0m
  [4;36;1mSQL (0.5ms)[0m   [0;1m SELECT name
 FROM sqlite_master
 WHERE type = 'table' AND NOT name = 'sqlite_sequence'
[0m
  [4;35;1mSQL (0.3ms)[0m   [0mSELECT version FROM schema_migrations[0m
  [4;36;1mSQL (0.3ms)[0m   [0;1m SELECT name
 FROM sqlite_master
 WHERE type = 'table' AND NOT name = 'sqlite_sequence'
[0m
  [4;35;1mSQL (0.1ms)[0m   [0mPRAGMA index_list("contents")[0m
  [4;36;1mSQL (0.1ms)[0m   [0;1mPRAGMA index_list("designs")[0m
  [4;35;1mSQL (0.1ms)[0m   [0mPRAGMA index_list("slot_contents")[0m
  [4;36;1mSQL (0.2ms)[0m   [0;1mPRAGMA index_list("slots")[0m
** has_many_polymorphs: rails environment detected
** has_many_polymorphs: loaded ok
** has_many_polymorphs: autoload hook invoked
** has_many_polymorphs: preloading parent model Slot
** has_many_polymorphs: associating Slot.slot_items
** has_many_polymorphs: Looks like your table doesn't exist for Content.
Error Could not find table 'contents'
Skipping...
** has_many_polymorphs: Looks like your table doesn't exist for Design.
Error Could not find table 'designs'
Skipping...
** has_many_polymorphs: Looks like your table doesn't exist for SlotContent.
Error Could not find table 'slot_contents'
Skipping...
** has_many_polymorphs: autoload hook invoked
** has_many_polymorphs: preloading parent model Slot
  [4;36;1mSQL (0.2ms)[0m   [0;1m SELECT name
 FROM sqlite_master
 WHERE type = 'table' AND NOT name = 'sqlite_sequence'
[0m
  [4;35;1mSQL (0.3ms)[0m   [0mselect sqlite_version(*)[0m
  [4;36;1mSQL (262.7ms)[0m   [0;1mCREATE TABLE "schema_migrations" ("version" varchar(255) NOT NULL) [0m
  [4;35;1mSQL (1.6ms)[0m   [0mCREATE UNIQUE INDEX "unique_schema_migrations" ON "schema_migrations" ("version")[0m
  [4;36;1mSQL (0.2ms)[0m   [0;1m SELECT name
 FROM sqlite_master
 WHERE type = 'table' AND NOT name = 'sqlite_sequence'
[0m
  [4;35;1mSQL (0.1ms)[0m   [0mSELECT version FROM schema_migrations[0m
Migrating to CreateSlot (1)
  [4;36;1mSQL (0.3ms)[0m   [0;1m SELECT name
 FROM sqlite_master
 WHERE type = 'table' AND NOT name = 'sqlite_sequence'
[0m
  [4;35;1mSQL (1.9ms)[0m   [0mCREATE TABLE "slots" ("id" INTEGER PRIMARY KEY AUTOINCREMENT NOT NULL, "name" varchar(255), "created_at" datetime, "updated_at" datetime) [0m
  [4;36;1mSQL (4.3ms)[0m   [0;1mINSERT INTO schema_migrations (version) VALUES ('1')[0m
Migrating to CreateContent (2)
  [4;35;1mSQL (0.7ms)[0m   [0m SELECT name
 FROM sqlite_master
 WHERE type = 'table' AND NOT name = 'sqlite_sequence'
[0m
  [4;36;1mSQL (2.4ms)[0m   [0;1mCREATE TABLE "contents" ("id" INTEGER PRIMARY KEY AUTOINCREMENT NOT NULL, "Class" varchar(255), "created_at" datetime, "updated_at" datetime) [0m
  [4;35;1mSQL (1.7ms)[0m   [0mINSERT INTO schema_migrations (version) VALUES ('2')[0m
Migrating to CreateDesign (3)
  [4;36;1mSQL (0.8ms)[0m   [0;1m SELECT name
 FROM sqlite_master
 WHERE type = 'table' AND NOT name = 'sqlite_sequence'
[0m
  [4;35;1mSQL (1.8ms)[0m   [0mCREATE TABLE "designs" ("id" INTEGER PRIMARY KEY AUTOINCREMENT NOT NULL, "Class" varchar(255), "CreateDesign" varchar(255), "created_at" datetime, "updated_at" datetime) [0m
  [4;36;1mSQL (1.8ms)[0m   [0;1mINSERT INTO schema_migrations (version) VALUES ('3')[0m
Migrating to CreateSlotContent (4)
  [4;35;1mSQL (0.4ms)[0m   [0m SELECT name
 FROM sqlite_master
 WHERE type = 'table' AND NOT name = 'sqlite_sequence'
[0m
  [4;36;1mSQL (1.9ms)[0m   [0;1mCREATE TABLE "slot_contents" ("id" INTEGER PRIMARY KEY AUTOINCREMENT NOT NULL, "slot_id" integer, "renderable_id" integer, "renderable_type" varchar(255), "created_at" datetime, "updated_at" datetime) [0m
  [4;35;1mSQL (2.0ms)[0m   [0mINSERT INTO schema_migrations (version) VALUES ('4')[0m
  [4;36;1mSQL (0.5ms)[0m   [0;1m SELECT name
 FROM sqlite_master
 WHERE type = 'table' AND NOT name = 'sqlite_sequence'
[0m
  [4;35;1mSQL (0.3ms)[0m   [0mSELECT version FROM schema_migrations[0m
  [4;36;1mSQL (0.4ms)[0m   [0;1m SELECT name
 FROM sqlite_master
 WHERE type = 'table' AND NOT name = 'sqlite_sequence'
[0m
  [4;35;1mSQL (0.1ms)[0m   [0mPRAGMA index_list("contents")[0m
  [4;36;1mSQL (0.1ms)[0m   [0;1mPRAGMA index_list("designs")[0m
  [4;35;1mSQL (0.2ms)[0m   [0mPRAGMA index_list("slot_contents")[0m
  [4;36;1mSQL (0.1ms)[0m   [0;1mPRAGMA index_list("slots")[0m
** has_many_polymorphs: rails environment detected
** has_many_polymorphs: loaded ok
** has_many_polymorphs: autoload hook invoked
** has_many_polymorphs: preloading parent model Slot
** has_many_polymorphs: associating Slot.slot_items
** has_many_polymorphs: autoload hook invoked
** has_many_polymorphs: preloading parent model Slot
  [4;36;1mSQL (0.4ms)[0m   [0;1m SELECT name
 FROM sqlite_master
 WHERE type = 'table' AND NOT name = 'sqlite_sequence'
[0m
  [4;35;1mSQL (0.2ms)[0m   [0mselect sqlite_version(*)[0m
  [4;36;1mSQL (68.7ms)[0m   [0;1mCREATE TABLE "schema_migrations" ("version" varchar(255) NOT NULL) [0m
  [4;35;1mSQL (2.9ms)[0m   [0mCREATE UNIQUE INDEX "unique_schema_migrations" ON "schema_migrations" ("version")[0m
  [4;36;1mSQL (0.3ms)[0m   [0;1m SELECT name
 FROM sqlite_master
 WHERE type = 'table' AND NOT name = 'sqlite_sequence'
[0m
  [4;35;1mSQL (0.2ms)[0m   [0mSELECT version FROM schema_migrations[0m
Migrating to CreateSlot (1)
  [4;36;1mSQL (0.3ms)[0m   [0;1m SELECT name
 FROM sqlite_master
 WHERE type = 'table' AND NOT name = 'sqlite_sequence'
[0m
  [4;35;1mSQL (2.2ms)[0m   [0mCREATE TABLE "slots" ("id" INTEGER PRIMARY KEY AUTOINCREMENT NOT NULL, "name" varchar(255), "created_at" datetime, "updated_at" datetime) [0m
  [4;36;1mSQL (1.8ms)[0m   [0;1mINSERT INTO schema_migrations (version) VALUES ('1')[0m
Migrating to CreateContent (2)
  [4;35;1mSQL (0.4ms)[0m   [0m SELECT name
 FROM sqlite_master
 WHERE type = 'table' AND NOT name = 'sqlite_sequence'
[0m
  [4;36;1mSQL (1.6ms)[0m   [0;1mCREATE TABLE "contents" ("id" INTEGER PRIMARY KEY AUTOINCREMENT NOT NULL, "type" varchar(255), "created_at" datetime, "updated_at" datetime) [0m
  [4;35;1mSQL (1.7ms)[0m   [0mINSERT INTO schema_migrations (version) VALUES ('2')[0m
Migrating to CreateDesign (3)
  [4;36;1mSQL (0.4ms)[0m   [0;1m SELECT name
 FROM sqlite_master
 WHERE type = 'table' AND NOT name = 'sqlite_sequence'
[0m
  [4;35;1mSQL (1.7ms)[0m   [0mCREATE TABLE "designs" ("id" INTEGER PRIMARY KEY AUTOINCREMENT NOT NULL, "type" varchar(255), "name" varchar(255), "created_at" datetime, "updated_at" datetime) [0m
  [4;36;1mSQL (1.6ms)[0m   [0;1mINSERT INTO schema_migrations (version) VALUES ('3')[0m
Migrating to CreateSlotContent (4)
  [4;35;1mSQL (0.5ms)[0m   [0m SELECT name
 FROM sqlite_master
 WHERE type = 'table' AND NOT name = 'sqlite_sequence'
[0m
  [4;36;1mSQL (1.9ms)[0m   [0;1mCREATE TABLE "slot_contents" ("id" INTEGER PRIMARY KEY AUTOINCREMENT NOT NULL, "slot_id" integer, "renderable_id" integer, "renderable_type" varchar(255), "created_at" datetime, "updated_at" datetime) [0m
  [4;35;1mSQL (2.2ms)[0m   [0mINSERT INTO schema_migrations (version) VALUES ('4')[0m
  [4;36;1mSQL (0.4ms)[0m   [0;1m SELECT name
 FROM sqlite_master
 WHERE type = 'table' AND NOT name = 'sqlite_sequence'
[0m
  [4;35;1mSQL (0.3ms)[0m   [0mSELECT version FROM schema_migrations[0m
  [4;36;1mSQL (0.3ms)[0m   [0;1m SELECT name
 FROM sqlite_master
 WHERE type = 'table' AND NOT name = 'sqlite_sequence'
[0m
  [4;35;1mSQL (0.1ms)[0m   [0mPRAGMA index_list("contents")[0m
  [4;36;1mSQL (0.1ms)[0m   [0;1mPRAGMA index_list("designs")[0m
  [4;35;1mSQL (0.2ms)[0m   [0mPRAGMA index_list("slot_contents")[0m
  [4;36;1mSQL (0.1ms)[0m   [0;1mPRAGMA index_list("slots")[0m
** has_many_polymorphs: rails environment detected
** has_many_polymorphs: loaded ok
** has_many_polymorphs: autoload hook invoked
** has_many_polymorphs: preloading parent model Slot
** has_many_polymorphs: associating Slot.slot_items
** has_many_polymorphs: autoload hook invoked
** has_many_polymorphs: preloading parent model Slot
  [4;36;1mSQL (0.3ms)[0m   [0;1m SELECT name
 FROM sqlite_master
 WHERE type = 'table' AND NOT name = 'sqlite_sequence'
[0m
  [4;35;1mSQL (0.1ms)[0m   [0mselect sqlite_version(*)[0m
  [4;36;1mSQL (77.2ms)[0m   [0;1mCREATE TABLE "schema_migrations" ("version" varchar(255) NOT NULL) [0m
  [4;35;1mSQL (5.2ms)[0m   [0mCREATE UNIQUE INDEX "unique_schema_migrations" ON "schema_migrations" ("version")[0m
  [4;36;1mSQL (0.3ms)[0m   [0;1m SELECT name
 FROM sqlite_master
 WHERE type = 'table' AND NOT name = 'sqlite_sequence'
[0m
  [4;35;1mSQL (0.2ms)[0m   [0mSELECT version FROM schema_migrations[0m
Migrating to CreateSlot (1)
  [4;36;1mSQL (0.3ms)[0m   [0;1m SELECT name
 FROM sqlite_master
 WHERE type = 'table' AND NOT name = 'sqlite_sequence'
[0m
  [4;35;1mSQL (1.7ms)[0m   [0mCREATE TABLE "slots" ("id" INTEGER PRIMARY KEY AUTOINCREMENT NOT NULL, "name" varchar(255), "created_at" datetime, "updated_at" datetime) [0m
  [4;36;1mSQL (1.5ms)[0m   [0;1mINSERT INTO schema_migrations (version) VALUES ('1')[0m
Migrating to CreateContent (2)
  [4;35;1mSQL (0.4ms)[0m   [0m SELECT name
 FROM sqlite_master
 WHERE type = 'table' AND NOT name = 'sqlite_sequence'
[0m
  [4;36;1mSQL (1.7ms)[0m   [0;1mCREATE TABLE "contents" ("id" INTEGER PRIMARY KEY AUTOINCREMENT NOT NULL, "type" varchar(255), "created_at" datetime, "updated_at" datetime) [0m
  [4;35;1mSQL (1.7ms)[0m   [0mINSERT INTO schema_migrations (version) VALUES ('2')[0m
Migrating to CreateDesign (3)
  [4;36;1mSQL (0.4ms)[0m   [0;1m SELECT name
 FROM sqlite_master
 WHERE type = 'table' AND NOT name = 'sqlite_sequence'
[0m
  [4;35;1mSQL (2.1ms)[0m   [0mCREATE TABLE "designs" ("id" INTEGER PRIMARY KEY AUTOINCREMENT NOT NULL, "type" varchar(255), "name" varchar(255), "created_at" datetime, "updated_at" datetime) [0m
  [4;36;1mSQL (1.8ms)[0m   [0;1mINSERT INTO schema_migrations (version) VALUES ('3')[0m
Migrating to CreateSlotContent (4)
  [4;35;1mSQL (0.4ms)[0m   [0m SELECT name
 FROM sqlite_master
 WHERE type = 'table' AND NOT name = 'sqlite_sequence'
[0m
  [4;36;1mSQL (2.5ms)[0m   [0;1mCREATE TABLE "slot_contents" ("id" INTEGER PRIMARY KEY AUTOINCREMENT NOT NULL, "slot_id" integer, "slot_item_id" integer, "slot_item_type" varchar(255), "created_at" datetime, "updated_at" datetime) [0m
  [4;35;1mSQL (1.9ms)[0m   [0mINSERT INTO schema_migrations (version) VALUES ('4')[0m
  [4;36;1mSQL (0.5ms)[0m   [0;1m SELECT name
 FROM sqlite_master
 WHERE type = 'table' AND NOT name = 'sqlite_sequence'
[0m
  [4;35;1mSQL (0.3ms)[0m   [0mSELECT version FROM schema_migrations[0m
  [4;36;1mSQL (0.3ms)[0m   [0;1m SELECT name
 FROM sqlite_master
 WHERE type = 'table' AND NOT name = 'sqlite_sequence'
[0m
  [4;35;1mSQL (0.1ms)[0m   [0mPRAGMA index_list("contents")[0m
  [4;36;1mSQL (0.1ms)[0m   [0;1mPRAGMA index_list("designs")[0m
  [4;35;1mSQL (0.1ms)[0m   [0mPRAGMA index_list("slot_contents")[0m
  [4;36;1mSQL (0.1ms)[0m   [0;1mPRAGMA index_list("slots")[0m
** has_many_polymorphs: rails environment detected
** has_many_polymorphs: loaded ok
** has_many_polymorphs: autoload hook invoked
** has_many_polymorphs: preloading parent model Slot
** has_many_polymorphs: associating Slot.slot_items
** has_many_polymorphs: autoload hook invoked
** has_many_polymorphs: preloading parent model Slot
